7/26/2024, 3:19:36 PM : You are not eligible to access this resource
7/26/2024, 3:24:20 PM : "targetEmail" is required
7/26/2024, 3:24:20 PM : Playlist not found
7/26/2024, 3:24:20 PM : You are not eligible to access this resource
7/26/2024, 3:28:15 PM : Album not found
7/26/2024, 3:30:01 PM : "targetEmail" is required
7/26/2024, 4:08:13 PM : Album not found
7/26/2024, 4:08:48 PM : "targetEmail" is required
7/26/2024, 4:08:53 PM : Playlist not found
7/26/2024, 4:08:58 PM : You are not eligible to access this resource
7/26/2024, 8:38:01 PM : Failed to add user. Username already in use.
7/26/2024, 8:38:01 PM : Failed to add user. Username already in use.
7/26/2024, 8:38:01 PM : Failed to add user. Username already in use.
7/26/2024, 8:38:02 PM : Failed to add user. Username already in use.
7/26/2024, 8:38:02 PM : Failed to add user. Username already in use.
7/26/2024, 8:38:02 PM : Failed to add user. Username already in use.
7/26/2024, 9:17:17 PM : Failed to add user. Username already in use.
7/26/2024, 9:17:18 PM : Failed to add user. Username already in use.
7/26/2024, 9:17:18 PM : Failed to add user. Username already in use.
7/26/2024, 9:17:18 PM : Failed to add user. Username already in use.
7/26/2024, 9:17:18 PM : Failed to add user. Username already in use.
7/26/2024, 9:17:18 PM : Failed to add user. Username already in use.
7/26/2024, 9:17:19 PM : Failed to add user. Username already in use.
7/26/2024, 9:18:42 PM : Failed to add user. Username already in use.
7/26/2024, 9:18:43 PM : Failed to add user. Username already in use.
7/26/2024, 9:18:43 PM : Failed to add user. Username already in use.
7/26/2024, 9:18:43 PM : Failed to add user. Username already in use.
7/26/2024, 9:18:43 PM : Failed to add user. Username already in use.
7/26/2024, 9:18:43 PM : Failed to add user. Username already in use.
7/26/2024, 9:18:44 PM : Failed to add user. Username already in use.
7/26/2024, 9:18:52 PM : Failed to add user. Username already in use.
7/26/2024, 9:19:09 PM : Failed to add user. Username already in use.
7/26/2024, 9:20:26 PM : Failed to add user. Username already in use.
7/26/2024, 9:20:48 PM : Album not found
7/26/2024, 9:21:37 PM : "targetEmail" is required
7/26/2024, 9:21:37 PM : Playlist not found
7/26/2024, 9:21:37 PM : You are not eligible to access this resource
7/26/2024, 9:24:34 PM : Failed to add user. Username already in use.
7/26/2024, 9:25:04 PM : Failed to add user. Username already in use.
7/27/2024, 1:08:31 AM : Failed to add user. Username already in use.
7/27/2024, 1:08:31 AM : Failed to add user. Username already in use.
7/27/2024, 1:08:32 AM : "targetEmail" is required
7/27/2024, 1:08:32 AM : Playlist not found
7/27/2024, 1:08:32 AM : You are not eligible to access this resource
